<?xml version="1.0" encoding="UTF-8"?>
<testsuite xmlns:xsi="http://www.w3.org/2001/XMLSchema-instance" xsi:noNamespaceSchemaLocation="https://maven.apache.org/surefire/maven-surefire-plugin/xsd/surefire-test-report-3.0.xsd" version="3.0" name="com.cybersecuals.gridgarrison.visualizer.RuntimeTraceServiceGoldenFlowTest" time="0.185" tests="6" errors="0" skipped="0" failures="0">
  <properties>
[...]
</properties>
  <testcase name="normalScenarioProducesCompletedEightStepFlow" classname="com.cybersecuals.gridgarrison.visualizer.RuntimeTraceServiceGoldenFlowTest" time="0.133"/>
  <testcase name="generatedBaselineVerificationReportsMismatchWhenHashesDiffer" classname="com.cybersecuals.gridgarrison.visualizer.RuntimeTraceServiceGoldenFlowTest" time="0.003"/>
  <testcase name="healthyBaselineCandidateFailsWhenAnyModuleIsTampered" classname="com.cybersecuals.gridgarrison.visualizer.RuntimeTraceServiceGoldenFlowTest" time="0.003"/>
  <testcase name="tamperScenarioMarksFinalVerdictAsTampered" classname="com.cybersecuals.gridgarrison.visualizer.RuntimeTraceServiceGoldenFlowTest" time="0.002"/>
  <testcase name="healthyHashRemainsCanonicalEvenWhenOnChainBaselineIsProvided" classname="com.cybersecuals.gridgarrison.visualizer.RuntimeTraceServiceGoldenFlowTest" time="0.001"/>
  <testcase name="componentTamperChangesGeneratedHash" classname="com.cybersecuals.gridgarrison.visualizer.RuntimeTraceServiceGoldenFlowTest" time="0.006"/>
</testsuite>